commit 75fdd1fa33ed2124410a559a39514916020b15e7
Author: Jon Hartlaub <jhartlaub@clearstorydata.com>
Date:   Tue May 27 22:22:34 2014 -0700
--
--
commit a03f3de5864ff7c799dbb384546a4ba5283a3aed
Merge: cd5df0d b3dd313
Author: Jon Hartlaub <jhartlaub@clearstorydata.com>
Date:   Tue May 27 20:38:24 2014 -0700
--
--
commit cd5df0d577207dfe05d937ddd395d1e0bea299d6
Merge: 3ca0a4c 5df1eef
Author: Jon Hartlaub <jhartlaub@gmail.com>
Date:   Tue Oct 1 15:04:23 2013 -0700
--
--
commit 5df1eef055beac83fa90041475d8a7c81be52e70
Merge: 22e6fd3 5c9a0ec
Author: Mark Hamstra <markhamstra@gmail.com>
Date:   Fri Sep 27 08:45:13 2013 -0700
--
--
commit 22e6fd318859ab4238d5a3d02d34452b2291f591
Merge: d1a32fc d8953cf
Author: Mark Hamstra <markhamstra@gmail.com>
Date:   Fri Sep 20 15:37:41 2013 -0700
--
--
commit d1a32fc62c1c037e6b9e9670af624dfceb35a941
Merge: a473ad9 af5ba9f
Author: Mark Hamstra <markhamstra@gmail.com>
Date:   Fri Sep 13 16:01:42 2013 -0700
--
--

commit a80b434c47abe330f5525e6247bedacefa56b8a1
Author: Mark Hamstra <markhamstra@gmail.com>
Date:   Fri Aug 30 15:33:21 2013 -0700
--
--
commit 2d7b23dd553a320d0d74133a801c7a52d2b0aad9
Merge: dc17058 5b4e02b
Author: Mark Hamstra <markhamstra@gmail.com>
Date:   Fri Aug 30 15:19:19 2013 -0700
--
--
commit 3ca0a4c75a6e21c04864b09ce475afc88114b9a0
Merge: bc972ec a3cce57
Author: Jon Hartlaub <jhartlaub@gmail.com>
Date:   Thu Aug 22 12:16:10 2013 -0700
--
--

commit a3cce578f04ef7f5b130a2a98c493fd0cc663df0
Author: Mikhail Bautin <mbautin@gmail.com>
Date:   Thu Aug 22 11:17:26 2013 -0700
--
--

commit 272e226872bde2184233d4e215a6e827bf6c9cd6
Author: Mikhail Bautin <mbautin@gmail.com>
Date:   Mon Aug 19 23:38:11 2013 -0700
--
--
commit bc972ec61d27828ba00fcab4272ecd721450b7bc
Merge: d2b5d1f e90860a
Author: Jon Hartlaub <jhartlaub@gmail.com>
Date:   Sat Aug 3 22:26:41 2013 -0700
--
--

commit e90860a870bc168cc9631588519ed35bcfdcc294
Author: Mikhail Bautin <mbautin@gmail.com>
Date:   Sat Aug 3 22:23:11 2013 -0700
--
--
commit d2b5d1fa426d702c30d6de5105ff8eef90e1bf2e
Merge: 032e5e7 21cad68
Author: Vaibhav Nivargi <vaibhav@clearstorydata.com>
Date:   Fri Aug 2 22:08:13 2013 -0700
--
--

commit 21cad688a3d3fdc2c474a0873d1f5db65ac2e83a
Author: Jon Hartlaub <jhartlaub@clearstorydata.com>
Date:   Fri Aug 2 16:47:05 2013 -0700
--
--

commit e176cb209c88d460442a17d4ee9be46c2aedf9f5
Author: Jon Hartlaub <jhartlaub@clearstorydata.com>
Date:   Fri Aug 2 16:10:01 2013 -0700
--
--

commit c35681fd0f099c16dc1795716f84055d72aa6a1d
Author: Jon Hartlaub <jhartlaub@clearstorydata.com>
Date:   Tue Jul 30 16:07:55 2013 -0700
--
--

commit c140b43db901020e8e367397aea498010dbf2bc7
Author: Jon Hartlaub <jhartlaub@clearstorydata.com>
Date:   Tue Jul 30 16:05:02 2013 -0700
--
--

commit 032e5e7a6e1df4ae7489e8cbc077b70f14c02215
Author: Jon Hartlaub <jhartlaub@clearstorydata.com>
Date:   Mon Jul 29 14:16:01 2013 -0700
--
--

commit aa3bb5165637527b61e7f9f08101f1af9b09d443
Author: Jon Hartlaub <jhartlaub@clearstorydata.com>
Date:   Mon Jul 29 13:55:17 2013 -0700
--
--

commit 448dafb559ec6f3ee1a11bbf34ea5ce6f5c53834
Author: Mark Hamstra <markhamstra@gmail.com>
Date:   Thu Jul 11 17:14:17 2013 -0700
--
--

commit 02caa0f984241073a820b1aa1bec316a6ec712e6
Author: Mark Hamstra <markhamstra@gmail.com>
Date:   Thu Jul 11 17:13:53 2013 -0700
--
--
commit 93f6935ea9c51d704c86e6205b0c208ca8adf2b0
Merge: 6d83e2e 34a12fd
Author: Mark Hamstra <markhamstra@gmail.com>
Date:   Thu Jul 11 17:10:52 2013 -0700
--
--
commit 6d83e2e3a40267c1e4c8f27200228ec9a381cde4
Merge: 5f8b82c 74ad0d0
Author: Vaibhav Nivargi <vaibhav@clearstorydata.com>
Date:   Sun Jul 7 12:49:47 2013 -0700
--
--

commit 74ad0d0e9b35b1941dcbceff947f58da33753425
Author: Mark Hamstra <markhamstra@gmail.com>
Date:   Tue Jul 2 15:54:20 2013 -0700
--
--

commit de2312c82516e6c6af0782de5bb9b848de968f87
Author: Mark Hamstra <markhamstra@gmail.com>
Date:   Tue Jul 2 13:51:26 2013 -0700
--
--
commit 5f8b82c1d021c9ac72eb3adb50d99bd2f20b6f2b
Merge: b9a868c d81af61
Author: Mark Hamstra <markhamstra@gmail.com>
Date:   Wed Jun 26 11:44:17 2013 -0700
--
--

commit d81af61c6c905e72439b49162cf3b80bcd489deb
Author: Mikhail Bautin <mbautin@gmail.com>
Date:   Wed Jun 26 10:38:11 2013 -0700
--
--

commit 52ea8d8f4f8c44bdd7b9462964b0e52cee03cb4c
Author: Mikhail Bautin <mbautin@gmail.com>
Date:   Tue Jun 25 12:25:47 2013 -0700
--
--

commit 8a177122cc784bc6de094711b715ffb0d464d86f
Author: Mikhail Bautin <mbautin@gmail.com>
Date:   Tue Jun 25 12:15:41 2013 -0700
--
--

commit bda044176e115fd2bae1f70b14df1a58887611ec
Author: Mikhail Bautin <mbautin@gmail.com>
Date:   Tue Jun 25 12:07:07 2013 -0700
--
--

commit ae0e5909282914f3164d5e8fcbbe5f4f253e3eb8
Author: Mikhail Bautin <mbautin@gmail.com>
Date:   Tue Jun 25 12:05:18 2013 -0700
--
--

commit 199e66af3f6c38eef0f672a88aabc7a0f59cb236
Author: Mikhail Bautin <mbautin@gmail.com>
Date:   Tue Jun 25 11:58:36 2013 -0700
--
--

commit add2efc5cece2d6af7d01d01d5548e4f641a567a
Author: Mikhail Bautin <mbautin@gmail.com>
Date:   Mon Jun 24 20:25:11 2013 -0700
--
--

commit af2d4e53ffb9e2b223cbc7a3fff490f02c50fe61
Author: Mikhail Bautin <mbautin@gmail.com>
Date:   Mon Jun 24 20:21:17 2013 -0700
--
--

commit 512dc0a8e1dfec2f9c7f47b7c434639f2aa309ac
Author: Mikhail Bautin <mbautin@gmail.com>
Date:   Mon Jun 24 17:26:47 2013 -0700
--
--

commit 7eebc223de1993147705245453535b9dadcd8f47
Author: Mikhail Bautin <mbautin@gmail.com>
Date:   Mon Jun 24 13:36:41 2013 -0700
--
--

commit 3cfc8824a7c6195ca57fe3a3bf2f73ec95e5c190
Author: Mikhail Bautin <mbautin@gmail.com>
Date:   Mon Jun 24 11:58:05 2013 -0700
--
--

commit ee2d66802926b4bffca6b4b0d7696ceefff53fa2
Author: Mikhail Bautin <mbautin@gmail.com>
Date:   Sun Jun 23 18:55:20 2013 -0700
--
--

commit f3b9ba5a692ff8c749d17996b9b5aa82d1ada21f
Author: Mikhail Bautin <mbautin@gmail.com>
Date:   Sun Jun 23 18:53:48 2013 -0700
--
--

commit a9b8e83c7626db859cb45f21750283beba71c674
Author: Mikhail Bautin <mbautin@gmail.com>
Date:   Sun Jun 23 18:35:35 2013 -0700
--
--

commit 30c51fa5c007b02eeb3de697fbe225b5f3f37744
Author: Mikhail Bautin <mbautin@gmail.com>
Date:   Sun Jun 23 18:29:46 2013 -0700
--
--

commit 57d6d41eb7d61d9e186132b8f215e79572c35218
Author: Mikhail Bautin <mbautin@gmail.com>
Date:   Sat Jun 22 18:37:01 2013 -0700
--
--

commit 5e7c3159abd35efc5064ded591186926de60ec4d
Author: Mikhail Bautin <mbautin@gmail.com>
Date:   Sat Jun 22 15:51:02 2013 -0700
--
--

commit 28db109ce60ae99c350b4141a04a3f08d390e999
Author: Mikhail Bautin <mbautin@gmail.com>
Date:   Sat Jun 22 11:29:49 2013 -0700
--
--

commit 47641d77a0558b9735721b99b773d7a0830b09fc
Author: Mikhail Bautin <mbautin@gmail.com>
Date:   Thu Jun 20 11:26:02 2013 -0700
--
--

commit 7d498ce98b566d718a6d613a3b8368808100ad47
Author: Mikhail Bautin <mbautin@gmail.com>
Date:   Fri Jun 14 17:05:52 2013 -0700
--
--

commit 762e702d55495176e942ab830f31f00328ad2e8e
Author: Mikhail Bautin <mbautin@gmail.com>
Date:   Fri Jun 21 16:32:20 2013 -0700
--
--

commit 8d64e20db4e8d4429dd6f2aca72342245ba1a718
Author: Mikhail Bautin <mbautin@gmail.com>
Date:   Fri Jun 21 16:18:43 2013 -0700
--
--

commit c0ce23af3cf2751c031a72745ac2fcfe5c3d3227
Author: Mikhail Bautin <mbautin@gmail.com>
Date:   Mon Feb 11 18:15:06 2013 -0800
--
--

commit afa426a0aa7981fd1326178e20aaa2027d254b3a
Author: Mikhail Bautin <mbautin@gmail.com>
Date:   Wed Jun 19 19:51:35 2013 -0700
--
--

commit 7bea8c2b47d60b83bbca317503cd8faab754de13
Author: Mikhail Bautin <mbautin@gmail.com>
Date:   Fri Jun 21 12:23:10 2013 -0700
--
--

commit 6b53ff456c8ec794c5e7a7bbf228d98391c8224a
Author: Mikhail Bautin <mbautin@gmail.com>
Date:   Thu Jun 20 13:08:19 2013 -0700
--
--

commit 6c07df5920fc3fe1b9bd7dc40a828d5383224607
Author: Mikhail Bautin <mbautin@gmail.com>
Date:   Thu Jun 20 11:06:59 2013 -0700
--
--

commit d385c22d63ac27f8d806ef4313e9342b0bbf59e2
Author: Mikhail Bautin <mbautin@gmail.com>
Date:   Thu Jun 20 10:46:09 2013 -0700
--
--

commit b9a868cc901c3f040149311ccbe4b6400ec6db05
Author: Mikhail Bautin <mbautin@gmail.com>
Date:   Mon Jun 17 17:55:12 2013 -0700
--
--
commit 4475d9b36e5f1e19cceb2b52336aebfb463e676a
Merge: f4055f4 8e0b849
Author: Mark Hamstra <markhamstra@gmail.com>
Date:   Mon Jun 17 17:31:44 2013 -0700
--
--

commit a9c54d01b221cd4e278c0feedc915b53c52b6515
Author: Mark Hamstra <markhamstra@gmail.com>
Date:   Thu Jun 13 18:10:36 2013 -0700
--
--

commit 34811063b60cd93064202f91f6e63a68e596aa7e
Author: Mikhail Bautin <mbautin@gmail.com>
Date:   Thu Jun 13 19:04:37 2013 -0700
--
--
commit f4055f46d9ef62c32606943b2d3ba43300f86226
Merge: 66bd4be 3d99079
Author: Jon Hartlaub <jhartlaub@gmail.com>
Date:   Thu Jun 13 18:38:08 2013 -0700
--
--

commit 3d99079191a8dc925e5c36b843c288aaadb28c6c
Author: Mikhail Bautin <mbautin@gmail.com>
Date:   Thu Jun 13 18:20:45 2013 -0700
--
--
commit 66bd4be542b4ad791f391c6f45623d521bd78acf
Merge: beac8a0 3b2fdc3
Author: Jon Hartlaub <jhartlaub@gmail.com>
Date:   Mon Jun 10 13:35:09 2013 -0700
--
--

commit 3b2fdc3d9ba097a0620b40d63c37968aedf5846d
Author: Mark Hamstra <markhamstra@gmail.com>
Date:   Fri Jun 7 14:36:03 2013 -0700
--
--

commit d50a1981c0680edbda777fd245ec6799bd63e721
Author: Mark Hamstra <markhamstra@gmail.com>
Date:   Fri Jun 7 14:35:26 2013 -0700
--
--

commit 087cc8421c0ea2d821df40826fadc5f2ae405e69
Author: Mark Hamstra <markhamstra@gmail.com>
Date:   Fri Jun 7 09:33:43 2013 -0700
--
--

commit c0b86c28f050cfc0665661d62d4ec576fd43938c
Author: Mark Hamstra <markhamstra@gmail.com>
Date:   Fri Jun 7 09:33:06 2013 -0700
--
--

commit beac8a0bd239328b4b23a77dfbce1f5cd9094e78
Author: Mark Hamstra <markhamstra@gmail.com>
Date:   Tue May 28 11:00:13 2013 -0700
--
--

commit 5067a838a807c3b837ce73d9605cc5de23bffed0
Author: Mark Hamstra <markhamstra@gmail.com>
Date:   Wed May 22 17:05:04 2013 -0700
--
--

commit 1c978fb4f0ef9835c52a3d8065216cfa04ff7f7f
Author: Mikhail Bautin <mbautin@gmail.com>
Date:   Wed May 22 16:34:26 2013 -0700
--
--

commit fb1e363d207be6d2d426fb2005c7736e706b7861
Author: Mikhail Bautin <mbautin@gmail.com>
Date:   Mon May 20 02:36:09 2013 -0700
--
--

commit 31cb78e21bf275ab5cdf7c9c715ef1fc2f91df7b
Author: Mikhail Bautin <mbautin@gmail.com>
Date:   Wed May 15 16:56:00 2013 -0700
--
--

commit 3ba7ec3636108f6da89f73525b10050a946f057e
Author: Mikhail Bautin <mbautin@gmail.com>
Date:   Thu May 9 16:00:45 2013 -0700
--
--

commit 039e7f3714867d1a3e7a2d1baf1bdeed2ef5fcae
Author: Jon Hartlaub <jhartlaub@clearstorydata.com>
Date:   Mon May 6 14:52:27 2013 -0700
--
--

commit 4f717d4784c5cf4d3d10f08ed390ce6e3e68a725
Author: Jon Hartlaub <jhartlaub@clearstorydata.com>
Date:   Mon Apr 1 17:36:10 2013 -0700
--
--

commit d4b211eebe79580f80fae3606a7335be4d55682f
Author: Jon Hartlaub <jhartlaub@clearstorydata.com>
Date:   Mon Mar 18 14:45:39 2013 -0700
--
--

commit 8de1a9b0fa8fb04e3b766531958ed98beccee9e7
Author: Mikhail Bautin <mbautin@gmail.com>
Date:   Mon Mar 18 10:06:22 2013 -0700
--
--

commit cfc8c36f3dd4fbe37f77cd6ff8e8694a662c8ea1
Author: Mikhail Bautin <mbautin@gmail.com>
Date:   Mon Feb 11 18:15:06 2013 -0800
--
--

commit d895115f58d62c2f1e7996b40b861ac0bf33c708
Author: Mikhail Bautin <mbautin@gmail.com>
Date:   Fri Feb 1 11:52:14 2013 -0800
--
--

commit ec923dfb3ac114ac64ea3c530e8ae075253a18b3
Author: Mikhail Bautin <mbautin@gmail.com>
Date:   Fri Feb 1 11:54:01 2013 -0800
--
--

commit ee202e3664c3139a9913b4f6ed1fe254ffeecd2e
Author: Mikhail Bautin <mbautin@gmail.com>
Date:   Fri Feb 1 17:13:41 2013 -0800
--
--

commit c0b581030e551cf07c16dfaf57b19be9906fe595
Author: Mikhail Bautin <mbautin@gmail.com>
Date:   Fri Feb 1 11:54:01 2013 -0800
--
--

commit da1817fb4cbeedfbf46b4978c3e70d86679b7aba
Author: Jon Hartlaub <jhartlaub@clearstorydata.com>
Date:   Mon May 6 14:39:31 2013 -0700
--
--

commit 60333a6af8b48ab9dd5354b80c947c9caf57cd15
Author: Jon Hartlaub <jhartlaub@clearstorydata.com>
Date:   Mon Apr 1 20:01:37 2013 -0700
--
--

commit ee0340d2810b44efb9df547f0f36a72f58779bc4
Author: Jon Hartlaub <jhartlaub@clearstorydata.com>
Date:   Tue Mar 19 11:57:36 2013 -0700
--
--

commit 51a77565dfb3b830d9272e9d5b890801aa4616b5
Author: Mikhail Bautin <mbautin@gmail.com>
Date:   Thu Jan 24 11:08:43 2013 -0800
--
--

commit 1fee9cbd55b85586d6b08fee6ab3d7e103d21730
Author: Mikhail Bautin <mbautin@gmail.com>
Date:   Wed Jan 23 11:26:13 2013 -0800
--
--

commit b3834034896f94ffa14a208cd7ff9c998b1c3125
Author: Mikhail Bautin <mbautin@gmail.com>
Date:   Tue Jan 22 12:13:49 2013 -0800
--
--

commit 118b075409a4986bd25a30a4412cfff4a698750c
Author: Mikhail Bautin <mbautin@gmail.com>
Date:   Fri Jan 11 00:31:28 2013 -0800
--
--

commit 6a5b81d662d33903d2e76ec39242ba70f1632c2a
Author: Mikhail Bautin <mbautin@gmail.com>
Date:   Tue Jan 8 17:48:08 2013 -0800
--
--

commit b0d678e870552f39fc7f8df5955d4cb812ff8e0b
Author: Mikhail Bautin <mbautin@gmail.com>
Date:   Wed Dec 19 16:42:54 2012 -0800
--
--

commit 0efcac3fef5fffa2d67f773c4511efeff1436025
Author: Mikhail Bautin <mbautin@gmail.com>
Date:   Mon Dec 17 16:13:53 2012 -0800
--
--

commit 74bc8a95b72bb82ad4133d9c3151c5872c42fcd2
Author: Mikhail Bautin <mbautin@gmail.com>
Date:   Sat Dec 15 14:56:54 2012 -0800
--
--

commit 3913ba1a902ae60c1b60b219994101744b5a9473
Author: Mikhail Bautin <mbautin@gmail.com>
Date:   Tue Dec 18 13:30:33 2012 -0800
--
--

commit ea204ba89d1a86d82859782ea1c7526cce4412cf
Author: Mikhail Bautin <mbautin@gmail.com>
Date:   Tue Dec 18 13:45:03 2012 -0800
--
--

commit 057779ca8bb92efa7577f0b99533c072897c6754
Author: mbautin <mbautin@gmail.com>
Date:   Wed Nov 21 10:22:09 2012 -0800
--
--

commit 48eee2528322a593f7743397bb00a2cc7cfe85e2
Author: mbautin <mbautin@gmail.com>
Date:   Tue Nov 20 23:12:16 2012 -0800
--
--

commit 75e316a9cc67f584de6f1bdfd107a037a94a121c
Author: mbautin <mbautin@gmail.com>
Date:   Wed Nov 21 00:26:25 2012 -0800
--
--

commit caaccf4e540d01ef274b2efba4c56c88cb564998
Author: Mikhail Bautin <mbautin@gmail.com>
Date:   Wed Dec 19 14:53:11 2012 -0800
--
--

commit 8a9c2169c74b51fc6d768f52b7f5152408883994
Author: Mikhail Bautin <mbautin@gmail.com>
Date:   Wed Dec 19 14:10:04 2012 -0800
--
--

commit a76d5c737edc372b691e0d49b981aa2f4df0854b
Author: mbautin <mbautin@gmail.com>
Date:   Mon Nov 19 20:37:49 2012 -0800
--
--

commit 614c640b2eecdd2d8dcea67af7a0a57300597aea
Author: mbautin <mbautin@gmail.com>
Date:   Mon Nov 19 13:48:02 2012 -0800
--
--
commit 816803e8cd45e4b60c447fd294ccb6d1a63c1890
Merge: fcaa292 b6ca35e
Author: Mikhail Bautin <mbautin@gmail.com>
Date:   Wed Dec 19 16:37:01 2012 -0800
--
--

commit fcaa292c8f18c08b55172568275aa6ef8d3f15ad
Author: Mikhail Bautin <mbautin@gmail.com>
Date:   Wed Dec 19 16:22:22 2012 -0800
--
--

commit 44debad465599229771c9c2faea36c21a52d28b0
Author: mbautin <mbautin@gmail.com>
Date:   Tue Nov 20 23:12:16 2012 -0800
--
--

commit 97856194f3382418367eb9d94fd795298f9d86ce
Author: mbautin <mbautin@gmail.com>
Date:   Wed Nov 21 00:26:25 2012 -0800
--
--

commit b51c297a0bd4db7a60b4f53a8315b78ed70d015c
Author: mbautin <mbautin@gmail.com>
Date:   Mon Nov 19 20:37:49 2012 -0800
--
--

commit fea489830f316966dcf66487e2b13aaa99b6e4c1
Author: mbautin <mbautin@gmail.com>
Date:   Mon Nov 19 13:48:02 2012 -0800
